<?xml version="1.0" encoding="UTF-8"?>
<!-- Generated by org.testng.reporters.JUnitXMLReporter -->
<testsuite ignored="0" hostname="24850-438349" failures="0" tests="16" name="STCTV TEST CASES" time="128.798" errors="0" timestamp="2022-10-20T21:31:56 IST">
  <testcase classname="com.stctv.qa.testcases.LoginPageTest" name="@BeforeMethod setUp" time="22.048">
    <failure type="org.openqa.selenium.TimeoutException" message="timeout: Timed out receiving message from renderer: 19.693
  (Session info: chrome=106.0.5249.119)
Build info: version: &amp;apos;3.141.5&amp;apos;, revision: &amp;apos;d54ebd709a&amp;apos;, time: &amp;apos;2018-11-06T11:42:16&amp;apos;
System info: host: &amp;apos;24850-438349&amp;apos;, ip: &amp;apos;192.168.18.86&amp;apos;, os.name: &amp;apos;Windows 10&amp;apos;, os.arch: &amp;apos;amd64&amp;apos;, os.version: &amp;apos;10.0&amp;apos;, java.version: &amp;apos;15.0.2&amp;apos;
Driver info: org.openqa.selenium.chrome.ChromeDriver
Capabilities {acceptInsecureCerts: false, browserName: chrome, browserVersion: 106.0.5249.119, chrome: {chromedriverVersion: 106.0.5249.61 (511755355844..., userDataDir: C:\Users\24850\AppData\Loca...}, goog:chromeOptions: {debuggerAddress: localhost:49689}, javascriptEnabled: true, networkConnectionEnabled: false, pageLoadStrategy: normal, platform: WINDOWS, platformName: WINDOWS, proxy: Proxy(), setWindowRect: true, strictFileInteractability: false, timeouts: {implicit: 0, pageLoad: 300000, script: 30000}, unhandledPromptBehavior: dismiss and notify, webauthn:extension:credBlob: true, webauthn:extension:largeBlob: true, webauthn:virtualAuthenticators: true}
Session ID: 94941b739aac84469720e94d8e2667c5">
      <![CDATA[org.openqa.selenium.TimeoutException: timeout: Timed out receiving message from renderer: 19.693
  (Session info: chrome=106.0.5249.119)
Build info: version: '3.141.5', revision: 'd54ebd709a', time: '2018-11-06T11:42:16'
System info: host: '24850-438349', ip: '192.168.18.86', os.name: 'Windows 10', os.arch: 'amd64', os.version: '10.0', java.version: '15.0.2'
Driver info: org.openqa.selenium.chrome.ChromeDriver
Capabilities {acceptInsecureCerts: false, browserName: chrome, browserVersion: 106.0.5249.119, chrome: {chromedriverVersion: 106.0.5249.61 (511755355844..., userDataDir: C:\Users\24850\AppData\Loca...}, goog:chromeOptions: {debuggerAddress: localhost:49689}, javascriptEnabled: true, networkConnectionEnabled: false, pageLoadStrategy: normal, platform: WINDOWS, platformName: WINDOWS, proxy: Proxy(), setWindowRect: true, strictFileInteractability: false, timeouts: {implicit: 0, pageLoad: 300000, script: 30000}, unhandledPromptBehavior: dismiss and notify, webauthn:extension:credBlob: true, webauthn:extension:largeBlob: true, webauthn:virtualAuthenticators: true}
Session ID: 94941b739aac84469720e94d8e2667c5
at org.openqa.selenium.remote.http.W3CHttpResponseCodec.createException(W3CHttpResponseCodec.java:187)
at org.openqa.selenium.remote.http.W3CHttpResponseCodec.decode(W3CHttpResponseCodec.java:122)
at org.openqa.selenium.remote.http.W3CHttpResponseCodec.decode(W3CHttpResponseCodec.java:49)
at org.openqa.selenium.remote.HttpCommandExecutor.execute(HttpCommandExecutor.java:158)
at org.openqa.selenium.remote.service.DriverCommandExecutor.execute(DriverCommandExecutor.java:83)
at org.openqa.selenium.remote.RemoteWebDriver.execute(RemoteWebDriver.java:552)
at org.openqa.selenium.remote.RemoteWebDriver.get(RemoteWebDriver.java:277)
at com.stctv.qa.base.TestBase.initialization(TestBase.java:50)
at com.stctv.qa.testcases.LoginPageTest.setUp(LoginPageTest.java:23)
at java.base/java.util.ArrayList.forEach(ArrayList.java:1511)
... Removed 36 stack frames]]>
    </failure>
  </testcase> <!-- @BeforeMethod setUp -->
  <testcase classname="com.stctv.qa.testcases.LoginPageTest" name="@AfterMethod tearDown" time="0.0">
    <skipped/>
  </testcase> <!-- @AfterMethod tearDown -->
  <testcase classname="com.stctv.qa.testcases.LoginPageTest" name="@BeforeMethod setUp" time="0.0">
    <skipped/>
  </testcase> <!-- @BeforeMethod setUp -->
  <testcase classname="com.stctv.qa.testcases.LoginPageTest" name="@AfterMethod tearDown" time="0.0">
    <skipped/>
  </testcase> <!-- @AfterMethod tearDown -->
  <testcase classname="com.stctv.qa.testcases.LoginPageTest" name="@BeforeMethod setUp" time="0.0">
    <skipped/>
  </testcase> <!-- @BeforeMethod setUp -->
  <testcase classname="com.stctv.qa.testcases.LoginPageTest" name="@AfterMethod tearDown" time="0.0">
    <skipped/>
  </testcase> <!-- @AfterMethod tearDown -->
  <testcase classname="com.stctv.qa.testcases.LoginPageTest" name="@BeforeMethod setUp" time="0.0">
    <skipped/>
  </testcase> <!-- @BeforeMethod setUp -->
  <testcase classname="com.stctv.qa.testcases.LoginPageTest" name="@AfterMethod tearDown" time="0.0">
    <skipped/>
  </testcase> <!-- @AfterMethod tearDown -->
  <testcase classname="com.stctv.qa.testcases.LoginPageTest" name="@BeforeMethod setUp" time="0.0">
    <skipped/>
  </testcase> <!-- @BeforeMethod setUp -->
  <testcase classname="com.stctv.qa.testcases.LoginPageTest" name="@AfterMethod tearDown" time="0.0">
    <skipped/>
  </testcase> <!-- @AfterMethod tearDown -->
  <testcase classname="com.stctv.qa.testcases.LoginPageTest" name="@BeforeMethod setUp" time="0.0">
    <skipped/>
  </testcase> <!-- @BeforeMethod setUp -->
  <testcase classname="com.stctv.qa.testcases.LoginPageTest" name="@AfterMethod tearDown" time="0.0">
    <skipped/>
  </testcase> <!-- @AfterMethod tearDown -->
  <testcase classname="com.stctv.qa.testcases.LoginPageTest" name="loginPageTitleTest" time="0.013"/>
  <testcase classname="com.stctv.qa.testcases.LoginPageTest" name="subscriptionTypeClassic" time="0.047"/>
  <testcase classname="com.stctv.qa.testcases.LoginPageTest" name="subscriptionTypeLite" time="0.038"/>
  <testcase classname="com.stctv.qa.testcases.LoginPageTest" name="subscriptionTypePremium" time="0.032"/>
  <testcase classname="com.stctv.qa.testcases.LoginPageTest" name="validateClassicPackagePriceForBHD" time="6.287"/>
  <testcase classname="com.stctv.qa.testcases.LoginPageTest" name="validateClassicPackagePriceForKWD" time="5.841"/>
  <testcase classname="com.stctv.qa.testcases.LoginPageTest" name="validateClassicPackagePriceForSAR" time="3.962"/>
  <testcase classname="com.stctv.qa.testcases.LoginPageTest" name="validateCountryBahrain" time="4.065"/>
  <testcase classname="com.stctv.qa.testcases.LoginPageTest" name="validateCountryKSA" time="3.966"/>
  <testcase classname="com.stctv.qa.testcases.LoginPageTest" name="validateCountryKuwait" time="5.299"/>
  <testcase classname="com.stctv.qa.testcases.LoginPageTest" name="validateLitePackagePriceForBHD" time="0.0">
    <skipped/>
  </testcase> <!-- validateLitePackagePriceForBHD -->
  <testcase classname="com.stctv.qa.testcases.LoginPageTest" name="validateLitePackagePriceForKWD" time="0.0">
    <skipped/>
  </testcase> <!-- validateLitePackagePriceForKWD -->
  <testcase classname="com.stctv.qa.testcases.LoginPageTest" name="validateLitePackagePriceForSAR" time="0.0">
    <skipped/>
  </testcase> <!-- validateLitePackagePriceForSAR -->
  <testcase classname="com.stctv.qa.testcases.LoginPageTest" name="validatepremiumPackagePriceForBHD" time="0.0">
    <skipped/>
  </testcase> <!-- validatepremiumPackagePriceForBHD -->
  <testcase classname="com.stctv.qa.testcases.LoginPageTest" name="validatepremiumPackagePriceForKWD" time="0.0">
    <skipped/>
  </testcase> <!-- validatepremiumPackagePriceForKWD -->
  <testcase classname="com.stctv.qa.testcases.LoginPageTest" name="validatepremiumPackagePriceForSAR" time="0.0">
    <skipped/>
  </testcase> <!-- validatepremiumPackagePriceForSAR -->
</testsuite> <!-- STCTV TEST CASES -->
